<?xml version="1.0" encoding="UTF-8"?>
<!-- Generated by org.testng.reporters.JUnitXMLReporter -->
<testsuite ignored="0" hostname="LAPTOP-QGL51LS6" failures="0" tests="4" name="Surefire test" time="0.027" errors="0" timestamp="2020-08-15T13:23:08 IST">
  <testcase classname="qaclickacademy.RestAssuresTest" name="API_Automation" time="0.003"/>
  <testcase classname="qaclickacademy.RestAssuresTest" name="Get_Response" time="0.0"/>
  <testcase classname="qaclickacademy.SeliniumTest" name="Browser_Automation" time="0.0"/>
  <testcase classname="qaclickacademy.SeliniumTest" name="User_SignIn" time="0.0"/>
</testsuite> <!-- Surefire test -->
