<?xml version="1.0" encoding="UTF-8"?>
<!-- Generated by org.testng.reporters.JUnitXMLReporter -->
<testsuite ignored="2" hostname="LAPTOP-QGL51LS6" failures="0" tests="2" name="Test" time="0.026" errors="0" timestamp="2020-08-15T14:08:32 IST">
  <testcase classname="qaclickacademy.SeliniumTest" name="User_SignIn" time="0.002"/>
  <testcase classname="qaclickacademy.RestAssuresTest" name="API_Automation" time="0.0"/>
  <testcase classname="qaclickacademy.SeliniumTest" name="Browser_Automation" time="0.0">
    <ignored/>
  </testcase> <!-- Browser_Automation -->
  <testcase classname="qaclickacademy.RestAssuresTest" name="Get_Response" time="0.0">
    <ignored/>
  </testcase> <!-- Get_Response -->
</testsuite> <!-- Test -->
